** Drc report for Precharge.kicad_pcb **
** Created on 2025-11-04T21:46:10-0600 **

** Found 195 DRC violations **
[lib_footprint_issues]: Footprint 'C_0805_2012Metric_Pad1.15x1.40mm_HandSolder' not found in library 'Capacitor_SMD'.
    Local override; warning
    @(167.5000 mm, 96.0000 mm): Footprint C2
[lib_footprint_issues]: Footprint 'C_0805_2012Metric_Pad1.15x1.40mm_HandSolder' not found in library 'Capacitor_SMD'.
    Local override; warning
    @(165.0000 mm, 92.0000 mm): Footprint C8
[lib_footprint_issues]: Footprint 'C_0805_2012Metric_Pad1.15x1.40mm_HandSolder' not found in library 'Capacitor_SMD'.
    Local override; warning
    @(101.0000 mm, 113.0000 mm): Footprint C19
[lib_footprint_issues]: Footprint 'C_0805_2012Metric_Pad1.15x1.40mm_HandSolder' not found in library 'Capacitor_SMD'.
    Local override; warning
    @(101.0000 mm, 117.0000 mm): Footprint C17
[lib_footprint_mismatch]: Footprint 'D_SMA' does not match copy in library 'Diode_SMD'.
    Local override; warning
    @(197.0000 mm, 81.5000 mm): Footprint D7
[lib_footprint_mismatch]: Footprint 'D_SMA' does not match copy in library 'Diode_SMD'.
    Local override; warning
    @(175.5000 mm, 89.5000 mm): Footprint D8
[lib_footprint_mismatch]: Footprint 'D_SMA' does not match copy in library 'Diode_SMD'.
    Local override; warning
    @(166.0000 mm, 69.5000 mm): Footprint D12
[lib_footprint_mismatch]: Footprint 'SOT-23' does not match copy in library 'Package_TO_SOT_SMD'.
    Local override; warning
    @(172.0000 mm, 75.5000 mm): Footprint Q1
[lib_footprint_mismatch]: Footprint 'SOT-23' does not match copy in library 'Package_TO_SOT_SMD'.
    Local override; warning
    @(166.0000 mm, 75.5000 mm): Footprint Q3
[lib_footprint_mismatch]: Footprint 'R_1206_3216Metric' does not match copy in library 'Resistor_SMD'.
    Local override; warning
    @(197.5000 mm, 104.5000 mm): Footprint R8
[lib_footprint_mismatch]: Footprint 'R_1206_3216Metric' does not match copy in library 'Resistor_SMD'.
    Local override; warning
    @(170.5000 mm, 80.4000 mm): Footprint R19
[lib_footprint_mismatch]: Footprint 'R_1206_3216Metric' does not match copy in library 'Resistor_SMD'.
    Local override; warning
    @(173.5000 mm, 80.4000 mm): Footprint R21
[lib_footprint_mismatch]: Footprint 'R_1206_3216Metric' does not match copy in library 'Resistor_SMD'.
    Local override; warning
    @(105.0000 mm, 113.0000 mm): Footprint R26
[lib_footprint_mismatch]: Footprint 'R_1206_3216Metric' does not match copy in library 'Resistor_SMD'.
    Local override; warning
    @(108.2500 mm, 117.0000 mm): Footprint R29
[lib_footprint_mismatch]: Footprint 'R_1206_3216Metric' does not match copy in library 'Resistor_SMD'.
    Local override; warning
    @(164.5000 mm, 80.4000 mm): Footprint R47
[lib_footprint_mismatch]: Footprint 'R_1206_3216Metric' does not match copy in library 'Resistor_SMD'.
    Local override; warning
    @(167.5000 mm, 80.4000 mm): Footprint R48
[lib_footprint_mismatch]: Footprint 'R_1206_3216Metric' does not match copy in library 'Resistor_SMD'.
    Local override; warning
    @(135.0000 mm, 122.5000 mm): Footprint R35
[lib_footprint_mismatch]: Footprint 'SOT-223-3_TabPin2' does not match copy in library 'Package_TO_SOT_SMD'.
    Local override; warning
    @(169.8740 mm, 89.5820 mm): Footprint U4
[lib_footprint_mismatch]: Footprint 'D_SMA' does not match copy in library 'Diode_SMD'.
    Local override; warning
    @(172.0000 mm, 69.5000 mm): Footprint D9
[lib_footprint_issues]: Footprint 'C_0805_2012Metric_Pad1.15x1.40mm_HandSolder' not found in library 'Capacitor_SMD'.
    Local override; warning
    @(159.5000 mm, 117.5000 mm): Footprint C1
[lib_footprint_issues]: Footprint 'C_0805_2012Metric_Pad1.15x1.40mm_HandSolder' not found in library 'Capacitor_SMD'.
    Local override; warning
    @(121.5000 mm, 133.0000 mm): Footprint C10
[lib_footprint_issues]: Footprint 'C_0805_2012Metric_Pad1.15x1.40mm_HandSolder' not found in library 'Capacitor_SMD'.
    Local override; warning
    @(116.0000 mm, 146.5000 mm): Footprint C11
[lib_footprint_issues]: Footprint 'C_0805_2012Metric_Pad1.15x1.40mm_HandSolder' not found in library 'Capacitor_SMD'.
    Local override; warning
    @(116.0000 mm, 133.0000 mm): Footprint C12
[lib_footprint_issues]: Footprint 'C_0805_2012Metric_Pad1.15x1.40mm_HandSolder' not found in library 'Capacitor_SMD'.
    Local override; warning
    @(109.5000 mm, 122.5000 mm): Footprint C14
[lib_footprint_issues]: Footprint 'C_0805_2012Metric_Pad1.15x1.40mm_HandSolder' not found in library 'Capacitor_SMD'.
    Local override; warning
    @(106.5000 mm, 122.5000 mm): Footprint C16
[lib_footprint_issues]: Footprint 'C_0805_2012Metric_Pad1.15x1.40mm_HandSolder' not found in library 'Capacitor_SMD'.
    Local override; warning
    @(91.0000 mm, 128.0000 mm): Footprint C20
[lib_footprint_issues]: Footprint 'C_0805_2012Metric_Pad1.15x1.40mm_HandSolder' not found in library 'Capacitor_SMD'.
    Local override; warning
    @(91.0000 mm, 141.0000 mm): Footprint C21
[lib_footprint_mismatch]: Footprint 'D_SMA' does not match copy in library 'Diode_SMD'.
    Local override; warning
    @(160.5000 mm, 112.0000 mm): Footprint D1
[lib_footprint_mismatch]: Footprint 'SOT-23' does not match copy in library 'Package_TO_SOT_SMD'.
    Local override; warning
    @(168.0000 mm, 102.5000 mm): Footprint Q2
[lib_footprint_mismatch]: Footprint 'R_1206_3216Metric' does not match copy in library 'Resistor_SMD'.
    Local override; warning
    @(150.5000 mm, 142.5000 mm): Footprint R11
[lib_footprint_mismatch]: Footprint 'R_1206_3216Metric' does not match copy in library 'Resistor_SMD'.
    Local override; warning
    @(150.5000 mm, 133.5000 mm): Footprint R12
[lib_footprint_mismatch]: Footprint 'R_1206_3216Metric' does not match copy in library 'Resistor_SMD'.
    Local override; warning
    @(156.0000 mm, 116.5000 mm): Footprint R6
[lib_footprint_mismatch]: Footprint 'R_1206_3216Metric' does not match copy in library 'Resistor_SMD'.
    Local override; warning
    @(156.0000 mm, 119.0000 mm): Footprint R7
[lib_footprint_mismatch]: Footprint 'R_1206_3216Metric' does not match copy in library 'Resistor_SMD'.
    Local override; warning
    @(111.5000 mm, 116.0000 mm): Footprint R30
[lib_footprint_mismatch]: Footprint 'R_1206_3216Metric' does not match copy in library 'Resistor_SMD'.
    Local override; warning
    @(164.5000 mm, 102.0000 mm): Footprint R44
[lib_footprint_mismatch]: Footprint 'R_1206_3216Metric' does not match copy in library 'Resistor_SMD'.
    Local override; warning
    @(112.0000 mm, 123.0000 mm): Footprint R16
[lib_footprint_mismatch]: Footprint 'R_1206_3216Metric' does not match copy in library 'Resistor_SMD'.
    Local override; warning
    @(134.0000 mm, 131.0000 mm): Footprint R18
[lib_footprint_mismatch]: Footprint 'R_1206_3216Metric' does not match copy in library 'Resistor_SMD'.
    Local override; warning
    @(109.5000 mm, 128.0000 mm): Footprint R24
[lib_footprint_mismatch]: Footprint 'R_1206_3216Metric' does not match copy in library 'Resistor_SMD'.
    Local override; warning
    @(97.0000 mm, 141.0000 mm): Footprint R25
[lib_footprint_mismatch]: Footprint 'R_1206_3216Metric' does not match copy in library 'Resistor_SMD'.
    Local override; warning
    @(75.5000 mm, 100.8120 mm): Footprint R34
[lib_footprint_mismatch]: Footprint 'R_1206_3216Metric' does not match copy in library 'Resistor_SMD'.
    Local override; warning
    @(77.5000 mm, 105.7500 mm): Footprint R40
[lib_footprint_mismatch]: Footprint 'R_1206_3216Metric' does not match copy in library 'Resistor_SMD'.
    Local override; warning
    @(82.4260 mm, 107.7090 mm): Footprint R41
[lib_footprint_mismatch]: Footprint 'R_1206_3216Metric' does not match copy in library 'Resistor_SMD'.
    Local override; warning
    @(93.5000 mm, 141.0000 mm): Footprint R43
[lib_footprint_mismatch]: Footprint 'R_1206_3216Metric' does not match copy in library 'Resistor_SMD'.
    Local override; warning
    @(171.5000 mm, 102.0000 mm): Footprint R45
[lib_footprint_mismatch]: Footprint 'SMDIP-6_W7.62mm' does not match copy in library 'Package_DIP'.
    Local override; warning
    @(142.0000 mm, 142.5000 mm): Footprint U5
[lib_footprint_mismatch]: Footprint 'SMDIP-6_W7.62mm' does not match copy in library 'Package_DIP'.
    Local override; warning
    @(142.0000 mm, 133.5000 mm): Footprint U6
[lib_footprint_mismatch]: Footprint 'DIP-8_W7.62mm' does not match copy in library 'Package_DIP'.
    Local override; warning
    @(122.5000 mm, 130.0000 mm): Footprint U8
[lib_footprint_mismatch]: Footprint 'SMDIP-6_W7.62mm' does not match copy in library 'Package_DIP'.
    Local override; warning
    @(142.0000 mm, 124.5000 mm): Footprint U11
[lib_footprint_issues]: Footprint 'D_SOT-23_ANK' not found in library 'Diode_SMD'.
    Local override; warning
    @(159.5000 mm, 121.5000 mm): Footprint D6
[lib_footprint_mismatch]: Footprint 'R_1206_3216Metric' does not match copy in library 'Resistor_SMD'.
    Local override; warning
    @(87.3900 mm, 107.7090 mm): Footprint R42
[lib_footprint_issues]: Footprint 'LED_0805_2012Metric_Castellated' not found in library 'LED_SMD'.
    Local override; warning
    @(186.0000 mm, 137.0000 mm): Footprint D2
[lib_footprint_issues]: Footprint 'LED_0805_2012Metric_Castellated' not found in library 'LED_SMD'.
    Local override; warning
    @(186.0000 mm, 133.5000 mm): Footprint D3
[lib_footprint_issues]: Footprint 'LED_0805_2012Metric_Castellated' not found in library 'LED_SMD'.
    Local override; warning
    @(186.0000 mm, 130.0000 mm): Footprint D4
[lib_footprint_issues]: Footprint 'LED_0805_2012Metric_Castellated' not found in library 'LED_SMD'.
    Local override; warning
    @(186.0000 mm, 126.5000 mm): Footprint D5
[lib_footprint_mismatch]: Footprint 'SolderJumper-2_P1.3mm_Open_RoundedPad1.0x1.5mm' does not match copy in library 'Jumper'.
    Local override; warning
    @(188.0000 mm, 120.5000 mm): Footprint JP1
[lib_footprint_mismatch]: Footprint 'SolderJumper-2_P1.3mm_Open_RoundedPad1.0x1.5mm' does not match copy in library 'Jumper'.
    Local override; warning
    @(188.0000 mm, 117.5000 mm): Footprint JP2
[lib_footprint_mismatch]: Footprint 'SolderJumper-2_P1.3mm_Open_RoundedPad1.0x1.5mm' does not match copy in library 'Jumper'.
    Local override; warning
    @(188.0000 mm, 114.5000 mm): Footprint JP3
[lib_footprint_mismatch]: Footprint 'R_1206_3216Metric' does not match copy in library 'Resistor_SMD'.
    Local override; warning
    @(75.5000 mm, 95.8621 mm): Footprint R33
[lib_footprint_mismatch]: Footprint 'R_1206_3216Metric' does not match copy in library 'Resistor_SMD'.
    Local override; warning
    @(97.0000 mm, 128.0000 mm): Footprint R28
[lib_footprint_mismatch]: Footprint 'R_1206_3216Metric' does not match copy in library 'Resistor_SMD'.
    Local override; warning
    @(120.0000 mm, 94.0000 mm): Footprint R31
[lib_footprint_mismatch]: Footprint 'R_1206_3216Metric' does not match copy in library 'Resistor_SMD'.
    Local override; warning
    @(104.8860 mm, 96.0310 mm): Footprint R37
[lib_footprint_mismatch]: Footprint 'R_1206_3216Metric' does not match copy in library 'Resistor_SMD'.
    Local override; warning
    @(110.0000 mm, 96.0000 mm): Footprint R36
[lib_footprint_mismatch]: Footprint 'R_1206_3216Metric' does not match copy in library 'Resistor_SMD'.
    Local override; warning
    @(115.0000 mm, 96.0000 mm): Footprint R32
[lib_footprint_mismatch]: Footprint 'R_1206_3216Metric' does not match copy in library 'Resistor_SMD'.
    Local override; warning
    @(93.5000 mm, 128.0000 mm): Footprint R39
[lib_footprint_mismatch]: Footprint 'SOIC-8_3.9x4.9mm_P1.27mm' does not match copy in library 'Package_SO'.
    Local override; warning
    @(95.5000 mm, 134.5000 mm): Footprint U9
[lib_footprint_issues]: The footprint library 'teensy' was not found at 'C:\Users\lukab\OneDrive\Documents\GitHub\Electronics\PrechargeDischarge\Precharge26/teensy.pretty'.
    Local override; warning
    @(174.0000 mm, 126.5000 mm): Footprint U3
[lib_footprint_mismatch]: Footprint 'R_1206_3216Metric' does not match copy in library 'Resistor_SMD'.
    Local override; warning
    @(108.5000 mm, 141.5000 mm): Footprint R23
[lib_footprint_mismatch]: Footprint 'R_1206_3216Metric' does not match copy in library 'Resistor_SMD'.
    Local override; warning
    @(111.5000 mm, 136.5000 mm): Footprint R14
[lib_footprint_issues]: Footprint 'C_0805_2012Metric_Pad1.15x1.40mm_HandSolder' not found in library 'Capacitor_SMD'.
    Local override; warning
    @(108.5000 mm, 136.5000 mm): Footprint C13
[lib_footprint_issues]: Footprint 'C_0805_2012Metric_Pad1.15x1.40mm_HandSolder' not found in library 'Capacitor_SMD'.
    Local override; warning
    @(121.5000 mm, 146.5000 mm): Footprint C9
[lib_footprint_mismatch]: Footprint 'DIP-8_W7.62mm' does not match copy in library 'Package_DIP'.
    Local override; warning
    @(122.5000 mm, 143.5000 mm): Footprint U7
[lib_footprint_mismatch]: Footprint 'R_1206_3216Metric' does not match copy in library 'Resistor_SMD'.
    Local override; warning
    @(100.0000 mm, 98.0000 mm): Footprint R38
[lib_footprint_mismatch]: Footprint 'SOIC-8_3.9x4.9mm_P1.27mm' does not match copy in library 'Package_SO'.
    Local override; warning
    @(118.5000 mm, 116.5000 mm): Footprint U10
[lib_footprint_mismatch]: Footprint 'R_1206_3216Metric' does not match copy in library 'Resistor_SMD'.
    Local override; warning
    @(88.0000 mm, 94.5000 mm): Footprint TH1
[lib_footprint_mismatch]: Footprint 'R_1206_3216Metric' does not match copy in library 'Resistor_SMD'.
    Local override; warning
    @(104.7500 mm, 117.0000 mm): Footprint R27
[lib_footprint_mismatch]: Footprint 'R_1206_3216Metric' does not match copy in library 'Resistor_SMD'.
    Local override; warning
    @(161.5000 mm, 133.5000 mm): Footprint R9
[lib_footprint_mismatch]: Footprint 'R_1206_3216Metric' does not match copy in library 'Resistor_SMD'.
    Local override; warning
    @(161.5000 mm, 136.0000 mm): Footprint R10
[lib_footprint_mismatch]: Footprint 'R_1206_3216Metric' does not match copy in library 'Resistor_SMD'.
    Local override; warning
    @(194.0000 mm, 108.5000 mm): Footprint R1
[lib_footprint_mismatch]: Footprint 'R_1206_3216Metric' does not match copy in library 'Resistor_SMD'.
    Local override; warning
    @(125.0000 mm, 145.0000 mm): Footprint R20
[lib_footprint_mismatch]: Footprint 'R_1206_3216Metric' does not match copy in library 'Resistor_SMD'.
    Local override; warning
    @(125.0000 mm, 131.5000 mm): Footprint R22
[lib_footprint_mismatch]: Footprint 'SOIC-8_3.9x4.9mm_P1.27mm' does not match copy in library 'Package_SO'.
    Local override; warning
    @(188.0000 mm, 108.5000 mm): Footprint U1
[lib_footprint_issues]: Footprint 'C_0805_2012Metric_Pad1.15x1.40mm_HandSolder' not found in library 'Capacitor_SMD'.
    Local override; warning
    @(188.0000 mm, 104.5000 mm): Footprint C23
[lib_footprint_issues]: Footprint 'C_0805_2012Metric_Pad1.15x1.40mm_HandSolder' not found in library 'Capacitor_SMD'.
    Local override; warning
    @(105.5000 mm, 136.5000 mm): Footprint C15
[lib_footprint_issues]: Footprint 'D_SOT-23_ANK' not found in library 'Diode_SMD'.
    Local override; warning
    @(87.7500 mm, 128.0000 mm): Footprint D10
[lib_footprint_issues]: Footprint 'D_SOT-23_ANK' not found in library 'Diode_SMD'.
    Local override; warning
    @(87.7500 mm, 140.7500 mm): Footprint D11
[lib_footprint_mismatch]: Footprint 'R_1206_3216Metric' does not match copy in library 'Resistor_SMD'.
    Local override; warning
    @(134.0000 mm, 138.5000 mm): Footprint R15
[lib_footprint_mismatch]: Footprint 'Discharge_relay' does not match copy in library 'Precharge'.
    Local override; warning
    @(210.3250 mm, 100.9900 mm): Footprint K4
[lib_footprint_mismatch]: Footprint 'R_1206_3216Metric' does not match copy in library 'Resistor_SMD'.
    Local override; warning
    @(195.5600 mm, 128.9800 mm): Footprint R51
[lib_footprint_mismatch]: Footprint 'Discharge_Resistor' does not match copy in library 'Precharge'.
    Local override; warning
    @(239.2911 mm, 101.5389 mm): Footprint R50
[lib_footprint_issues]: Footprint 'C_0805_2012Metric_Pad1.15x1.40mm_HandSolder' not found in library 'Capacitor_SMD'.
    Local override; warning
    @(136.5000 mm, 110.2500 mm): Footprint C3
[lib_footprint_issues]: Footprint 'C_0805_2012Metric_Pad1.15x1.40mm_HandSolder' not found in library 'Capacitor_SMD'.
    Local override; warning
    @(95.5000 mm, 134.5000 mm): Footprint C18
[lib_footprint_mismatch]: Footprint 'R_1206_3216Metric' does not match copy in library 'Resistor_SMD'.
    Local override; warning
    @(119.0000 mm, 125.5000 mm): Footprint R17
[lib_footprint_issues]: Footprint 'C_0805_2012Metric_Pad1.15x1.40mm_HandSolder' not found in library 'Capacitor_SMD'.
    Local override; warning
    @(118.5000 mm, 116.5000 mm): Footprint C22
[lib_footprint_mismatch]: Footprint 'R_1206_3216Metric' does not match copy in library 'Resistor_SMD'.
    Local override; warning
    @(188.5000 mm, 137.0000 mm): Footprint R2
[lib_footprint_mismatch]: Footprint 'R_1206_3216Metric' does not match copy in library 'Resistor_SMD'.
    Local override; warning
    @(188.5000 mm, 133.5000 mm): Footprint R3
[lib_footprint_mismatch]: Footprint 'R_1206_3216Metric' does not match copy in library 'Resistor_SMD'.
    Local override; warning
    @(188.5000 mm, 130.0000 mm): Footprint R4
[lib_footprint_mismatch]: Footprint 'R_1206_3216Metric' does not match copy in library 'Resistor_SMD'.
    Local override; warning
    @(188.5000 mm, 126.5000 mm): Footprint R5
[lib_footprint_mismatch]: Footprint 'R_1206_3216Metric' does not match copy in library 'Resistor_SMD'.
    Local override; warning
    @(119.0000 mm, 139.0000 mm): Footprint R13
[lib_footprint_mismatch]: Footprint 'R_1206_3216Metric' does not match copy in library 'Resistor_SMD'.
    Local override; warning
    @(81.0000 mm, 132.0000 mm): Footprint R49
[text_height]: Text height out of range (board setup constraints silk text height min height 0.8000 mm; actual 0.7000 mm)
    Rule: board setup constraints silk text height; warning
    @(206.0200 mm, 58.4800 mm): PCB text '5.0mm' on F.Silkscreen
[text_height]: Text height out of range (board setup constraints silk text height min height 0.8000 mm; actual 0.7000 mm)
    Rule: board setup constraints silk text height; warning
    @(206.0200 mm, 58.4100 mm): PCB text '5.0mm' on B.Silkscreen
[text_height]: Text height out of range (board setup constraints silk text height min height 0.8000 mm; actual 0.7000 mm)
    Rule: board setup constraints silk text height; warning
    @(205.9700 mm, 146.4900 mm): PCB text '5.0mm' on B.Silkscreen
[text_height]: Text height out of range (board setup constraints silk text height min height 0.8000 mm; actual 0.7000 mm)
    Rule: board setup constraints silk text height; warning
    @(209.5100 mm, 104.5100 mm): PCB text '5.0mm' on B.Silkscreen
[text_height]: Text height out of range (board setup constraints silk text height min height 0.8000 mm; actual 0.7000 mm)
    Rule: board setup constraints silk text height; warning
    @(209.4300 mm, 102.7000 mm): PCB text '5.0mm' on F.Silkscreen
[text_height]: Text height out of range (board setup constraints silk text height min height 0.8000 mm; actual 0.7000 mm)
    Rule: board setup constraints silk text height; warning
    @(205.9700 mm, 146.5600 mm): PCB text '5.0mm' on F.Silkscreen
[text_height]: Text height out of range (board setup constraints silk text height min height 0.8000 mm; actual 0.7000 mm)
    Rule: board setup constraints silk text height; warning
    @(140.5000 mm, 148.2500 mm): PCB text '5.0mm' on F.Silkscreen
[text_height]: Text height out of range (board setup constraints silk text height min height 0.8000 mm; actual 0.7000 mm)
    Rule: board setup constraints silk text height; warning
    @(140.5000 mm, 148.2500 mm): PCB text '5.0mm' on B.Silkscreen
[text_height]: Text height out of range (board setup constraints silk text height min height 0.8000 mm; actual 0.7000 mm)
    Rule: board setup constraints silk text height; warning
    @(174.0000 mm, 126.2460 mm): Footprint text of U3 (MIMXRT1062)
[text_height]: Text height out of range (board setup constraints silk text height min height 0.8000 mm; actual 0.7000 mm)
    Rule: board setup constraints silk text height; warning
    @(174.0000 mm, 124.7220 mm): Footprint text of U3 (DVL6A)
[silk_over_copper]: Silkscreen clipped by solder mask
    Local override; warning
    @(172.3200 mm, 80.4000 mm): Reference field of R19
[silk_over_copper]: Silkscreen clipped by solder mask
    Local override; warning
    @(171.6800 mm, 80.4000 mm): Reference field of R21
[silk_over_copper]: Silkscreen clipped by solder mask
    Local override; warning
    @(105.0000 mm, 114.8200 mm): Reference field of R26
[silk_over_copper]: Silkscreen clipped by solder mask
    Local override; warning
    @(110.0700 mm, 117.0000 mm): Reference field of R29
[silk_over_copper]: Silkscreen clipped by solder mask
    Local override; warning
    @(165.6800 mm, 80.4000 mm): Reference field of R48
[silk_over_copper]: Silkscreen clipped by solder mask
    Local override; warning
    @(121.5000 mm, 131.3500 mm): Reference field of C10
[silk_over_copper]: Silkscreen clipped by solder mask
    Local override; warning
    @(116.0000 mm, 144.8500 mm): Reference field of C11
[silk_over_copper]: Silkscreen clipped by solder mask
    Local override; warning
    @(116.0000 mm, 131.3500 mm): Reference field of C12
[silk_over_copper]: Silkscreen clipped by solder mask
    Local override; warning
    @(107.8500 mm, 122.5000 mm): Reference field of C14
[silk_over_copper]: Silkscreen clipped by solder mask
    Local override; warning
    @(89.3500 mm, 128.0000 mm): Reference field of C20
[silk_over_copper]: Silkscreen clipped by solder mask
    Local override; warning
    @(170.5000 mm, 102.5000 mm): Reference field of Q2
[silk_over_copper]: Silkscreen clipped by solder mask
    Local override; warning
    @(113.8200 mm, 123.0000 mm): Reference field of R16
[silk_over_copper]: Silkscreen clipped by solder mask
    Local override; warning
    @(169.6800 mm, 102.0000 mm): Reference field of R45
[silk_over_copper]: Silkscreen clipped by solder mask
    Local override; warning
    @(91.6800 mm, 128.0000 mm): Reference field of R39
[silk_over_copper]: Silkscreen clipped by solder mask
    Local override; warning
    @(106.8500 mm, 136.5000 mm): Reference field of C13
[silk_over_copper]: Silkscreen clipped by solder mask
    Local override; warning
    @(121.5000 mm, 144.8500 mm): Reference field of C9
[silk_over_copper]: Silkscreen clipped by solder mask
    Local override; warning
    @(71.0000 mm, 93.0000 mm): Segment of R46 on F.Silkscreen
[silk_over_copper]: Silkscreen clipped by solder mask
    Local override; warning
    @(188.0000 mm, 105.1000 mm): Reference field of U1
[silk_over_copper]: Silkscreen clipped by solder mask
    Local override; warning
    @(90.2500 mm, 128.0000 mm): Reference field of D10
[silk_overlap]: Silkscreen overlap
    Rule: board setup constraints silk; warning
    @(107.8500 mm, 122.5000 mm): Reference field of C14
    @(107.2100 mm, 122.7613 mm): Segment of C16 on F.Silkscreen
[silk_overlap]: Silkscreen overlap
    Rule: board setup constraints silk; warning
    @(90.2500 mm, 128.0000 mm): Reference field of D10
    @(89.3500 mm, 128.0000 mm): Reference field of C20
[silk_overlap]: Silkscreen overlap
    Rule: board setup constraints silk; warning
    @(90.2500 mm, 128.0000 mm): Reference field of D10
    @(90.2900 mm, 128.2613 mm): Segment of C20 on F.Silkscreen
[silk_overlap]: Silkscreen overlap
    Rule: board setup constraints silk; warning
    @(91.7100 mm, 128.2613 mm): Segment of C20 on F.Silkscreen
    @(91.6800 mm, 128.0000 mm): Reference field of R39
[silk_overlap]: Silkscreen overlap
    Rule: board setup constraints silk; warning
    @(106.2100 mm, 136.7613 mm): Segment of C15 on F.Silkscreen
    @(106.8500 mm, 136.5000 mm): Reference field of C13
[silk_overlap]: Silkscreen overlap
    Rule: board setup constraints silk; warning
    @(110.5900 mm, 115.3979 mm): Segment of R30 on F.Silkscreen
    @(110.0700 mm, 117.0000 mm): Reference field of R29
[silk_overlap]: Silkscreen overlap
    Rule: board setup constraints silk; warning
    @(116.0000 mm, 131.3500 mm): Reference field of C12
    @(116.0400 mm, 121.0500 mm): Segment of U8 on F.Silkscreen
[silk_overlap]: Silkscreen overlap
    Rule: board setup constraints silk; warning
    @(121.5000 mm, 131.3500 mm): Reference field of C10
    @(121.3400 mm, 131.3300 mm): Segment of U8 on F.Silkscreen
[silk_overlap]: Silkscreen overlap
    Rule: board setup constraints silk; warning
    @(116.0400 mm, 144.8300 mm): Segment of U7 on F.Silkscreen
    @(116.0000 mm, 144.8500 mm): Reference field of C11
[silk_overlap]: Silkscreen overlap
    Rule: board setup constraints silk; warning
    @(116.0400 mm, 134.5500 mm): Segment of U7 on F.Silkscreen
    @(116.0000 mm, 144.8500 mm): Reference field of C11
[silk_overlap]: Silkscreen overlap
    Rule: board setup constraints silk; warning
    @(119.6900 mm, 131.3300 mm): Segment of U8 on F.Silkscreen
    @(121.5000 mm, 131.3500 mm): Reference field of C10
[silk_overlap]: Silkscreen overlap
    Rule: board setup constraints silk; warning
    @(116.0400 mm, 131.3300 mm): Segment of U8 on F.Silkscreen
    @(116.0000 mm, 131.3500 mm): Reference field of C12
[silk_overlap]: Silkscreen overlap
    Rule: board setup constraints silk; warning
    @(121.3400 mm, 144.8300 mm): Segment of U7 on F.Silkscreen
    @(121.5000 mm, 144.8500 mm): Reference field of C9
[silk_overlap]: Silkscreen overlap
    Rule: board setup constraints silk; warning
    @(119.6900 mm, 144.8300 mm): Segment of U7 on F.Silkscreen
    @(121.5000 mm, 144.8500 mm): Reference field of C9
[silk_overlap]: Silkscreen overlap
    Rule: board setup constraints silk; warning
    @(75.0000 mm, 126.2500 mm): PCB text 'TS-' on F.Silkscreen
    @(74.5000 mm, 126.8400 mm): Reference field of J3
[silk_overlap]: Silkscreen overlap
    Rule: board setup constraints silk; warning
    @(89.3500 mm, 128.0000 mm): Reference field of C20
    @(89.3300 mm, 128.7600 mm): Segment of D10 on F.Silkscreen
[silk_overlap]: Silkscreen overlap
    Rule: board setup constraints silk; warning
    @(89.3500 mm, 128.0000 mm): Reference field of C20
    @(89.3300 mm, 128.7600 mm): Segment of D10 on F.Silkscreen
[silk_overlap]: Silkscreen overlap
    Rule: board setup constraints silk; warning
    @(139.5500 mm, 146.3700 mm): Segment of U5 on F.Silkscreen
    @(144.0000 mm, 146.5000 mm): Segment on F.Silkscreen
[silk_overlap]: Silkscreen overlap
    Rule: board setup constraints silk; warning
    @(139.5500 mm, 146.3700 mm): Segment of U5 on F.Silkscreen
    @(144.5000 mm, 147.0000 mm): Segment on F.Silkscreen
[silk_overlap]: Silkscreen overlap
    Rule: board setup constraints silk; warning
    @(139.5500 mm, 146.3700 mm): Segment of U5 on F.Silkscreen
    @(139.5000 mm, 147.0000 mm): Segment on F.Silkscreen
[silk_overlap]: Silkscreen overlap
    Rule: board setup constraints silk; warning
    @(71.0000 mm, 93.0000 mm): Segment of R46 on F.Silkscreen
    @(119.7823 mm, 92.9308 mm): Segment of R31 on F.Silkscreen
[silk_overlap]: Silkscreen overlap
    Rule: board setup constraints silk; warning
    @(123.5000 mm, 80.5000 mm): Reference field of K2
    @(123.0000 mm, 93.0000 mm): Segment of R46 on F.Silkscreen
[silk_overlap]: Silkscreen overlap
    Rule: board setup constraints silk; warning
    @(124.5000 mm, 53.5000 mm): Segment of K2 on F.Silkscreen
    @(139.5019 mm, 148.3900 mm): Polygon on F.Silkscreen
[silk_overlap]: Silkscreen overlap
    Rule: board setup constraints silk; warning
    @(161.0000 mm, 108.5000 mm): Segment of K2 on F.Silkscreen
    @(141.8200 mm, 108.5500 mm): Reference field of U2
[silk_overlap]: Silkscreen overlap
    Rule: board setup constraints silk; warning
    @(161.0000 mm, 108.5000 mm): Segment of K2 on F.Silkscreen
    @(139.5019 mm, 148.3900 mm): Polygon on F.Silkscreen
[silk_overlap]: Silkscreen overlap
    Rule: board setup constraints silk; warning
    @(152.7200 mm, 119.1500 mm): Rectangle of U2 on F.Silkscreen
    @(139.5019 mm, 148.3900 mm): Polygon on F.Silkscreen
[silk_overlap]: Silkscreen overlap
    Rule: board setup constraints silk; warning
    @(152.7200 mm, 119.1500 mm): Rectangle of U2 on F.Silkscreen
    @(142.0000 mm, 119.6300 mm): Reference field of U11
[silk_overlap]: Silkscreen overlap
    Rule: board setup constraints silk; warning
    @(198.8250 mm, 100.9900 mm): Reference field of K4
    @(199.0800 mm, 87.7350 mm): Segment of J1 on F.Silkscreen
[silk_overlap]: Silkscreen overlap
    Rule: board setup constraints silk; warning
    @(199.0800 mm, 101.2650 mm): Segment of J1 on F.Silkscreen
    @(198.8250 mm, 100.9900 mm): Reference field of K4
[silk_overlap]: Silkscreen overlap
    Rule: board setup constraints silk; warning
    @(188.0000 mm, 105.1000 mm): Reference field of U1
    @(187.7387 mm, 105.2100 mm): Segment of C23 on F.Silkscreen
[silk_overlap]: Silkscreen overlap
    Rule: board setup constraints silk; warning
    @(165.4100 mm, 81.0021 mm): Segment of R47 on F.Silkscreen
    @(165.6800 mm, 80.4000 mm): Reference field of R48
[silk_overlap]: Silkscreen overlap
    Rule: board setup constraints silk; warning
    @(171.4100 mm, 79.7979 mm): Segment of R19 on F.Silkscreen
    @(171.6800 mm, 80.4000 mm): Reference field of R21
[silk_overlap]: Silkscreen overlap
    Rule: board setup constraints silk; warning
    @(172.3200 mm, 80.4000 mm): Reference field of R19
    @(171.6800 mm, 80.4000 mm): Reference field of R21
[silk_overlap]: Silkscreen overlap
    Rule: board setup constraints silk; warning
    @(172.3200 mm, 80.4000 mm): Reference field of R19
    @(172.5900 mm, 81.0021 mm): Segment of R21 on F.Silkscreen
[silk_overlap]: Silkscreen overlap
    Rule: board setup constraints silk; warning
    @(221.7250 mm, 62.6900 mm): Rectangle of K4 on F.Silkscreen
    @(205.0000 mm, 51.6000 mm): Segment on F.Silkscreen
[silk_overlap]: Silkscreen overlap
    Rule: board setup constraints silk; warning
    @(208.3000 mm, 88.3000 mm): Segment on F.Silkscreen
    @(207.1000 mm, 89.8000 mm): Footprint text of K4 (12V-)
[silk_overlap]: Silkscreen overlap
    Rule: board setup constraints silk; warning
    @(195.5600 mm, 127.1600 mm): Reference field of R51
    @(192.0000 mm, 126.5000 mm): PCB text 'STS' on F.Silkscreen
[silk_overlap]: Silkscreen overlap
    Rule: board setup constraints silk; warning
    @(194.3800 mm, 118.8300 mm): Segment of D13 on F.Silkscreen
    @(195.8800 mm, 119.4400 mm): Reference field of Q5
[silk_overlap]: Silkscreen overlap
    Rule: board setup constraints silk; warning
    @(221.7250 mm, 62.6900 mm): Rectangle of K4 on F.Silkscreen
    @(205.0000 mm, 117.3000 mm): Segment on F.Silkscreen
[silk_overlap]: Silkscreen overlap
    Rule: board setup constraints silk; warning
    @(221.7250 mm, 62.6900 mm): Rectangle of K4 on F.Silkscreen
    @(210.0000 mm, 147.7400 mm): Segment on F.Silkscreen
[silk_overlap]: Silkscreen overlap
    Rule: board setup constraints silk; warning
    @(185.0000 mm, 130.9100 mm): Segment of D4 on F.Silkscreen
    @(186.0000 mm, 131.6000 mm): Reference field of D4
[silk_overlap]: Silkscreen overlap
    Rule: board setup constraints silk; warning
    @(169.6800 mm, 102.0000 mm): Reference field of R45
    @(170.5000 mm, 102.5000 mm): Reference field of Q2
[silk_overlap]: Silkscreen overlap
    Rule: board setup constraints silk; warning
    @(170.5900 mm, 102.6021 mm): Segment of R45 on F.Silkscreen
    @(170.5000 mm, 102.5000 mm): Reference field of Q2
[silk_overlap]: Silkscreen overlap
    Rule: board setup constraints silk; warning
    @(169.6800 mm, 102.0000 mm): Reference field of R45
    @(169.5800 mm, 103.2600 mm): Segment of Q2 on F.Silkscreen
[silk_overlap]: Silkscreen overlap
    Rule: board setup constraints silk; warning
    @(169.6800 mm, 102.0000 mm): Reference field of R45
    @(169.5800 mm, 103.2600 mm): Segment of Q2 on F.Silkscreen
[silk_overlap]: Silkscreen overlap
    Rule: board setup constraints silk; warning
    @(141.0000 mm, 138.6300 mm): Segment of U5 on F.Silkscreen
    @(139.5019 mm, 148.3900 mm): Polygon on F.Silkscreen
[silk_overlap]: Silkscreen overlap
    Rule: board setup constraints silk; warning
    @(139.5019 mm, 148.3900 mm): Polygon on F.Silkscreen
    @(139.5500 mm, 138.6300 mm): Segment of U5 on F.Silkscreen
[silk_overlap]: Silkscreen overlap
    Rule: board setup constraints silk; warning
    @(139.5500 mm, 146.3700 mm): Segment of U5 on F.Silkscreen
    @(139.5019 mm, 148.3900 mm): Polygon on F.Silkscreen
[silk_overlap]: Silkscreen overlap
    Rule: board setup constraints silk; warning
    @(139.5500 mm, 137.3700 mm): Segment of U6 on F.Silkscreen
    @(139.5019 mm, 148.3900 mm): Polygon on F.Silkscreen
[silk_overlap]: Silkscreen overlap
    Rule: board setup constraints silk; warning
    @(139.5500 mm, 129.6300 mm): Segment of U6 on F.Silkscreen
    @(139.5019 mm, 148.3900 mm): Polygon on F.Silkscreen
[silk_overlap]: Silkscreen overlap
    Rule: board setup constraints silk; warning
    @(141.0000 mm, 129.6300 mm): Segment of U6 on F.Silkscreen
    @(139.5019 mm, 148.3900 mm): Polygon on F.Silkscreen
[silk_overlap]: Silkscreen overlap
    Rule: board setup constraints silk; warning
    @(139.5500 mm, 128.3700 mm): Segment of U11 on F.Silkscreen
    @(139.5019 mm, 148.3900 mm): Polygon on F.Silkscreen
[silk_overlap]: Silkscreen overlap
    Rule: board setup constraints silk; warning
    @(139.5500 mm, 120.6300 mm): Segment of U11 on F.Silkscreen
    @(139.5019 mm, 148.3900 mm): Polygon on F.Silkscreen
[silk_overlap]: Silkscreen overlap
    Rule: board setup constraints silk; warning
    @(139.5019 mm, 148.3900 mm): Polygon on F.Silkscreen
    @(141.0000 mm, 120.6300 mm): Segment of U11 on F.Silkscreen
[silk_overlap]: Silkscreen overlap
    Rule: board setup constraints silk; warning
    @(139.5500 mm, 128.3700 mm): Segment of U11 on F.Silkscreen
    @(142.0000 mm, 128.6300 mm): Reference field of U6
[silk_overlap]: Silkscreen overlap
    Rule: board setup constraints silk; warning
    @(144.4500 mm, 146.3700 mm): Segment of U5 on F.Silkscreen
    @(139.5019 mm, 148.3900 mm): Polygon on F.Silkscreen
[silk_overlap]: Silkscreen overlap
    Rule: board setup constraints silk; warning
    @(144.4500 mm, 137.3700 mm): Segment of U6 on F.Silkscreen
    @(139.5019 mm, 148.3900 mm): Polygon on F.Silkscreen
[silk_overlap]: Silkscreen overlap
    Rule: board setup constraints silk; warning
    @(139.5019 mm, 148.3900 mm): Polygon on F.Silkscreen
    @(144.4500 mm, 138.6300 mm): Segment of U5 on F.Silkscreen
[silk_overlap]: Silkscreen overlap
    Rule: board setup constraints silk; warning
    @(144.4500 mm, 129.6300 mm): Segment of U6 on F.Silkscreen
    @(139.5019 mm, 148.3900 mm): Polygon on F.Silkscreen
[silk_overlap]: Silkscreen overlap
    Rule: board setup constraints silk; warning
    @(144.4500 mm, 120.6300 mm): Segment of U11 on F.Silkscreen
    @(139.5019 mm, 148.3900 mm): Polygon on F.Silkscreen
[silk_overlap]: Silkscreen overlap
    Rule: board setup constraints silk; warning
    @(144.4500 mm, 128.3700 mm): Segment of U11 on F.Silkscreen
    @(139.5019 mm, 148.3900 mm): Polygon on F.Silkscreen
[silk_overlap]: Silkscreen overlap
    Rule: board setup constraints silk; warning
    @(142.0000 mm, 137.6300 mm): Reference field of U5
    @(139.5500 mm, 137.3700 mm): Segment of U6 on F.Silkscreen
[silk_overlap]: Silkscreen overlap
    Rule: board setup constraints silk; warning
    @(221.7250 mm, 62.6900 mm): Rectangle of K4 on F.Silkscreen
    @(210.1000 mm, 70.8100 mm): Segment on F.Silkscreen
[nonmirrored_text_on_back_layer]: Non-Mirrored text on back layer
    Local override; warning
    @(206.0200 mm, 58.4100 mm): PCB text '5.0mm' on B.Silkscreen
[nonmirrored_text_on_back_layer]: Non-Mirrored text on back layer
    Local override; warning
    @(205.9700 mm, 146.4900 mm): PCB text '5.0mm' on B.Silkscreen
[nonmirrored_text_on_back_layer]: Non-Mirrored text on back layer
    Local override; warning
    @(209.5100 mm, 104.5100 mm): PCB text '5.0mm' on B.Silkscreen
[nonmirrored_text_on_back_layer]: Non-Mirrored text on back layer
    Local override; warning
    @(140.5000 mm, 148.2500 mm): PCB text '5.0mm' on B.Silkscreen

** Found 0 unconnected pads **

** Found 0 Footprint errors **

** End of Report **
